#
# There is insufficient memory for the Java Runtime Environment to continue.
# Native memory allocation (malloc) failed to allocate 65552 bytes for Chunk::new
# Possible reasons:
#   The system is out of physical RAM or swap space
#   In 32 bit mode, the process size limit was hit
# Possible solutions:
#   Reduce memory load on the system
#   Increase physical memory or swap space
#   Check if swap backing store is full
#   Use 64 bit Java on a 64 bit OS
#   Decrease Java heap size (-Xmx/-Xms)
#   Decrease number of Java threads
#   Decrease Java thread stack sizes (-Xss)
#   Set larger code cache with -XX:ReservedCodeCacheSize=
# This output file may be truncated or incomplete.
#
#  Out of Memory Error (allocation.cpp:390), pid=11616, tid=11624
#
# JRE version: Java(TM) SE Runtime Environment (8.0_20-b26) (build 1.8.0_20-b26)
# Java VM: Java HotSpot(TM) 64-Bit Server VM (25.20-b23 mixed mode windows-amd64 compressed oops)
# Failed to write core dump. Minidumps are not enabled by default on client versions of Windows
#

---------------  T H R E A D  ---------------

Current thread (0x000000001714e000):  JavaThread "C2 CompilerThread2" daemon [_thread_in_native, id=11624, stack(0x00000000178d0000,0x00000000179d0000)]

Stack: [0x00000000178d0000,0x00000000179d0000]
Native frames: (J=compiled Java code, j=interpreted, Vv=VM code, C=native code)
V  [jvm.dll+0x3152fa]


Current CompileTask:
C2:   1902 1448       4       com.android.dx.ssa.LiteralOpUpgrader$1::visitNonMoveInsn (203 bytes)


---------------  P R O C E S S  ---------------

Java Threads: ( => current thread )
  0x0000000017d39000 JavaThread "pool-2-thread-4" [_thread_in_Java, id=11652, stack(0x00000000188d0000,0x00000000189d0000)]
  0x0000000017d31800 JavaThread "pool-2-thread-3" [_thread_blocked, id=11704, stack(0x00000000187d0000,0x00000000188d0000)]
  0x0000000017461000 JavaThread "pool-2-thread-2" [_thread_in_Java, id=3848, stack(0x00000000186d0000,0x00000000187d0000)]
  0x0000000017426800 JavaThread "pool-3-thread-1" [_thread_blocked, id=11460, stack(0x00000000185d0000,0x00000000186d0000)]
  0x0000000017457800 JavaThread "pool-2-thread-1" [_thread_in_Java, id=12596, stack(0x00000000184d0000,0x00000000185d0000)]
  0x00000000171a0000 JavaThread "Service Thread" daemon [_thread_blocked, id=7156, stack(0x0000000017ad0000,0x0000000017bd0000)]
  0x000000001715d000 JavaThread "C1 CompilerThread3" daemon [_thread_in_native, id=12164, stack(0x00000000179d0000,0x0000000017ad0000)]
=>0x000000001714e000 JavaThread "C2 CompilerThread2" daemon [_thread_in_native, id=11624, stack(0x00000000178d0000,0x00000000179d0000)]
  0x0000000017100000 JavaThread "C2 CompilerThread1" daemon [_thread_in_native, id=2944, stack(0x00000000177d0000,0x00000000178d0000)]
  0x00000000170f6000 JavaThread "C2 CompilerThread0" daemon [_thread_in_native, id=11544, stack(0x00000000176d0000,0x00000000177d0000)]
  0x00000000170f3800 JavaThread "Attach Listener" daemon [_thread_blocked, id=12628, stack(0x00000000175d0000,0x00000000176d0000)]
  0x00000000150fe000 JavaThread "Signal Dispatcher" daemon [_thread_blocked, id=6052, stack(0x00000000174d0000,0x00000000175d0000)]
  0x00000000150ec800 JavaThread "Finalizer" daemon [_thread_blocked, id=3812, stack(0x0000000016fd0000,0x00000000170d0000)]
  0x0000000001172800 JavaThread "Reference Handler" daemon [_thread_blocked, id=7556, stack(0x0000000016ed0000,0x0000000016fd0000)]
  0x0000000000f7d800 JavaThread "main" [_thread_in_Java, id=8200, stack(0x0000000000f80000,0x0000000001080000)]

Other Threads:
  0x00000000150e8000 VMThread [stack: 0x0000000016dd0000,0x0000000016ed0000] [id=7908]
  0x00000000171a2800 WatcherThread [stack: 0x0000000017bd0000,0x0000000017cd0000] [id=5832]

VM state:not at safepoint (normal execution)

VM Mutex/Monitor currently owned by a thread: None

Heap:
 PSYoungGen      total 38400K, used 10752K [0x00000000eab00000, 0x00000000ed580000, 0x0000000100000000)
  eden space 33280K, 16% used [0x00000000eab00000,0x00000000eb083518,0x00000000ecb80000)
  from space 5120K, 99% used [0x00000000ed080000,0x00000000ed57ce90,0x00000000ed580000)
  to   space 5120K, 0% used [0x00000000ecb80000,0x00000000ecb80000,0x00000000ed080000)
 ParOldGen       total 87552K, used 5180K [0x00000000c0000000, 0x00000000c5580000, 0x00000000eab00000)
  object space 87552K, 5% used [0x00000000c0000000,0x00000000c050f1c8,0x00000000c5580000)
 Metaspace       used 6207K, capacity 7128K, committed 7424K, reserved 1056768K
  class space    used 608K, capacity 656K, committed 768K, reserved 1048576K

Card table byte_map: [0x0000000001540000,0x0000000001750000] byte_map_base: 0x0000000000f40000

Marking Bits: (ParMarkBitMap*) 0x0000000076b7b460
 Begin Bits: [0x0000000012500000, 0x0000000013500000)
 End Bits:   [0x0000000013500000, 0x0000000014500000)

Polling page: 0x0000000000a50000

CodeCache: size=245760Kb used=6041Kb max_used=6041Kb free=239718Kb
 bounds [0x0000000003400000, 0x00000000039f0000, 0x0000000012400000]
 total_blobs=1805 nmethods=1542 adapters=177
 compilation: enabled

Compilation events (10 events):
Event: 1.892 Thread 0x000000001715d000 nmethod 1551 0x00000000039e1b50 code [0x00000000039e1cc0, 0x00000000039e1f08]
Event: 1.892 Thread 0x000000001715d000 1554       3       java.util.concurrent.ThreadPoolExecutor::isRunning (10 bytes)
Event: 1.892 Thread 0x000000001715d000 nmethod 1554 0x00000000039e1fd0 code [0x00000000039e2120, 0x00000000039e22b0]
Event: 1.892 Thread 0x000000001715d000 1549       3       com.android.dx.ssa.NormalSsaInsn::isMoveException (20 bytes)
Event: 1.892 Thread 0x000000001715d000 nmethod 1549 0x00000000039e2310 code [0x00000000039e2480, 0x00000000039e2770]
Event: 1.892 Thread 0x000000001715d000 1553       3       com.android.dx.command.dexer.Main::access$1300 (4 bytes)
Event: 1.892 Thread 0x000000001715d000 nmethod 1553 0x00000000039e2850 code [0x00000000039e29a0, 0x00000000039e2ad0]
Event: 1.894 Thread 0x000000001715d000 1555   !   3       com.android.dx.cf.cst.ConstantPoolParser::determineOffsets (285 bytes)
Event: 1.896 Thread 0x000000001715d000 nmethod 1555 0x00000000039e2b50 code [0x00000000039e2ec0, 0x00000000039e48f8]
Event: 1.896 Thread 0x000000001715d000 1556       3       com.android.dx.cf.cst.ConstantPoolParser::parse (365 bytes)

GC Heap History (4 events):
Event: 1.405 GC heap before
{Heap before GC invocations=1 (full 0):
 PSYoungGen      total 38400K, used 33280K [0x00000000eab00000, 0x00000000ed580000, 0x0000000100000000)
  eden space 33280K, 100% used [0x00000000eab00000,0x00000000ecb80000,0x00000000ecb80000)
  from space 5120K, 0% used [0x00000000ed080000,0x00000000ed080000,0x00000000ed580000)
  to   space 5120K, 0% used [0x00000000ecb80000,0x00000000ecb80000,0x00000000ed080000)
 ParOldGen       total 87552K, used 0K [0x00000000c0000000, 0x00000000c5580000, 0x00000000eab00000)
  object space 87552K, 0% used [0x00000000c0000000,0x00000000c0000000,0x00000000c5580000)
 Metaspace       used 5888K, capacity 6896K, committed 7040K, reserved 1056768K
  class space    used 587K, capacity 616K, committed 640K, reserved 1048576K
Event: 1.435 GC heap after
Heap after GC invocations=1 (full 0):
 PSYoungGen      total 38400K, used 5092K [0x00000000eab00000, 0x00000000ed580000, 0x0000000100000000)
  eden space 33280K, 0% used [0x00000000eab00000,0x00000000eab00000,0x00000000ecb80000)
  from space 5120K, 99% used [0x00000000ecb80000,0x00000000ed079258,0x00000000ed080000)
  to   space 5120K, 0% used [0x00000000ed080000,0x00000000ed080000,0x00000000ed580000)
 ParOldGen       total 87552K, used 1078K [0x00000000c0000000, 0x00000000c5580000, 0x00000000eab00000)
  object space 87552K, 1% used [0x00000000c0000000,0x00000000c010dac8,0x00000000c5580000)
 Metaspace       used 5888K, capacity 6896K, committed 7040K, reserved 1056768K
  class space    used 587K, capacity 616K, committed 640K, reserved 1048576K
}
Event: 1.791 GC heap before
{Heap before GC invocations=2 (full 0):
 PSYoungGen      total 38400K, used 38372K [0x00000000eab00000, 0x00000000ed580000, 0x0000000100000000)
  eden space 33280K, 100% used [0x00000000eab00000,0x00000000ecb80000,0x00000000ecb80000)
  from space 5120K, 99% used [0x00000000ecb80000,0x00000000ed079258,0x00000000ed080000)
  to   space 5120K, 0% used [0x00000000ed080000,0x00000000ed080000,0x00000000ed580000)
 ParOldGen       total 87552K, used 1078K [0x00000000c0000000, 0x00000000c5580000, 0x00000000eab00000)
  object space 87552K, 1% used [0x00000000c0000000,0x00000000c010dac8,0x00000000c5580000)
 Metaspace       used 6183K, capacity 7064K, committed 7424K, reserved 1056768K
  class space    used 608K, capacity 656K, committed 768K, reserved 1048576K
Event: 1.874 GC heap after
Heap after GC invocations=2 (full 0):
 PSYoungGen      total 38400K, used 5107K [0x00000000eab00000, 0x00000000ed580000, 0x0000000100000000)
  eden space 33280K, 0% used [0x00000000eab00000,0x00000000eab00000,0x00000000ecb80000)
  from space 5120K, 99% used [0x00000000ed080000,0x00000000ed57ce90,0x00000000ed580000)
  to   space 5120K, 0% used [0x00000000ecb80000,0x00000000ecb80000,0x00000000ed080000)
 ParOldGen       total 87552K, used 5180K [0x00000000c0000000, 0x00000000c5580000, 0x00000000eab00000)
  object space 87552K, 5% used [0x00000000c0000000,0x00000000c050f1c8,0x00000000c5580000)
 Metaspace       used 6183K, capacity 7064K, committed 7424K, reserved 1056768K
  class space    used 608K, capacity 656K, committed 768K, reserved 1048576K
}

Deoptimization events (10 events):
Event: 1.590 Thread 0x0000000017d31800 Uncommon trap: reason=class_check action=maybe_recompile pc=0x0000000003680514 method=com.android.dx.ssa.NormalSsaInsn.accept(Lcom/android/dx/ssa/SsaInsn$Visitor;)V @ 9
Event: 1.604 Thread 0x0000000017461000 Uncommon trap: reason=class_check action=maybe_recompile pc=0x000000000367e2e4 method=com.android.dx.ssa.NormalSsaInsn.accept(Lcom/android/dx/ssa/SsaInsn$Visitor;)V @ 9
Event: 1.697 Thread 0x0000000017d31800 Uncommon trap: reason=unreached action=reinterpret pc=0x00000000036a4948 method=java.util.HashMap.getNode(ILjava/lang/Object;)Ljava/util/HashMap$Node; @ 84
Event: 1.698 Thread 0x0000000017d31800 Uncommon trap: reason=unreached action=reinterpret pc=0x000000000390bbd8 method=java.util.HashMap.getNode(ILjava/lang/Object;)Ljava/util/HashMap$Node; @ 84
Event: 1.698 Thread 0x0000000017d31800 Uncommon trap: reason=unreached action=reinterpret pc=0x000000000390ad6c method=java.util.HashMap.getNode(ILjava/lang/Object;)Ljava/util/HashMap$Node; @ 84
Event: 1.707 Thread 0x0000000017d31800 Uncommon trap: reason=bimorphic action=maybe_recompile pc=0x000000000395ef24 method=com.android.dx.cf.code.BytecodeArray.parseInstruction(ILcom/android/dx/cf/code/BytecodeArray$Visitor;)I @ 1597
Event: 1.710 Thread 0x0000000017d39000 Uncommon trap: reason=bimorphic action=maybe_recompile pc=0x000000000395ef24 method=com.android.dx.cf.code.BytecodeArray.parseInstruction(ILcom/android/dx/cf/code/BytecodeArray$Visitor;)I @ 1597
Event: 1.712 Thread 0x0000000017d39000 Uncommon trap: reason=bimorphic action=maybe_recompile pc=0x000000000395ef24 method=com.android.dx.cf.code.BytecodeArray.parseInstruction(ILcom/android/dx/cf/code/BytecodeArray$Visitor;)I @ 1597
Event: 1.712 Thread 0x0000000017d31800 Uncommon trap: reason=bimorphic action=maybe_recompile pc=0x000000000395ef24 method=com.android.dx.cf.code.BytecodeArray.parseInstruction(ILcom/android/dx/cf/code/BytecodeArray$Visitor;)I @ 1597
Event: 1.724 Thread 0x0000000017461000 Uncommon trap: reason=unreached action=reinterpret pc=0x000000000375e01c method=java.util.HashMap.putVal(ILjava/lang/Object;Ljava/lang/Object;ZZ)Ljava/lang/Object; @ 109

Internal exceptions (10 events):
Event: 0.712 Thread 0x0000000017d31800 Exception <a 'java/security/PrivilegedActionException'> (0x00000000eba00a88) thrown at [D:\re\workspace\8-2-build-windows-amd64-cygwin\jdk8u20\1074\hotspot\src\share\vm\prims\jvm.cpp, line 1275]
Event: 0.714 Thread 0x0000000017d31800 Exception <a 'java/security/PrivilegedActionException'> (0x00000000eba080a8) thrown at [D:\re\workspace\8-2-build-windows-amd64-cygwin\jdk8u20\1074\hotspot\src\share\vm\prims\jvm.cpp, line 1275]
Event: 0.782 Thread 0x0000000017461000 Exception <a 'java/security/PrivilegedActionException'> (0x00000000ebc10638) thrown at [D:\re\workspace\8-2-build-windows-amd64-cygwin\jdk8u20\1074\hotspot\src\share\vm\prims\jvm.cpp, line 1275]
Event: 1.256 Thread 0x0000000017461000 Exception <a 'java/security/PrivilegedActionException'> (0x00000000ec6ce1e0) thrown at [D:\re\workspace\8-2-build-windows-amd64-cygwin\jdk8u20\1074\hotspot\src\share\vm\prims\jvm.cpp, line 1275]
Event: 1.316 Thread 0x0000000017461000 Implicit null exception at 0x00000000036a6962 to 0x00000000036a6a52
Event: 1.512 Thread 0x0000000000f7d800 Exception <a 'java/security/PrivilegedActionException'> (0x00000000eada6d70) thrown at [D:\re\workspace\8-2-build-windows-amd64-cygwin\jdk8u20\1074\hotspot\src\share\vm\prims\jvm.cpp, line 1275]
Event: 1.695 Thread 0x0000000017d31800 Exception <a 'java/lang/ArrayIndexOutOfBoundsException': 18> (0x00000000eb93c4a0) thrown at [D:\re\workspace\8-2-build-windows-amd64-cygwin\jdk8u20\1074\hotspot\src\share\vm\interpreter\interpreterRuntime.cpp, line 366]
Event: 1.695 Thread 0x0000000017d31800 Exception <a 'java/lang/ArrayIndexOutOfBoundsException': 145> (0x00000000eb93df38) thrown at [D:\re\workspace\8-2-build-windows-amd64-cygwin\jdk8u20\1074\hotspot\src\share\vm\interpreter\interpreterRuntime.cpp, line 366]
Event: 1.696 Thread 0x0000000017d31800 Exception <a 'java/lang/ArrayIndexOutOfBoundsException': 40> (0x00000000eb93f150) thrown at [D:\re\workspace\8-2-build-windows-amd64-cygwin\jdk8u20\1074\hotspot\src\share\vm\interpreter\interpreterRuntime.cpp, line 366]
Event: 1.898 Thread 0x0000000017d31800 Exception <a 'java/security/PrivilegedActionException'> (0x00000000eaf6db98) thrown at [D:\re\workspace\8-2-build-windows-amd64-cygwin\jdk8u20\1074\hotspot\src\share\vm\prims\jvm.cpp, line 1275]

Events (10 events):
Event: 1.712 Thread 0x0000000017d31800 DEOPT UNPACKING pc=0x000000000344556a sp=0x00000000188ce130 mode 2
Event: 1.724 Thread 0x0000000017461000 Uncommon trap: trap_request=0xffffffad fr.pc=0x000000000375e01c
Event: 1.724 Thread 0x0000000017461000 DEOPT PACKING pc=0x000000000375e01c sp=0x00000000187ce060
Event: 1.724 Thread 0x0000000017461000 DEOPT UNPACKING pc=0x000000000344556a sp=0x00000000187cdfe0 mode 2
Event: 1.761 Executing VM operation: ForceSafepoint
Event: 1.762 Executing VM operation: ForceSafepoint done
Event: 1.791 Executing VM operation: ParallelGCFailedAllocation
Event: 1.874 Executing VM operation: ParallelGCFailedAllocation done
Event: 1.898 loading class com/android/dx/rop/code/RegOps
Event: 1.898 loading class com/android/dx/rop/code/RegOps done


Dynamic libraries:
0x00007ff7f1de0000 - 0x00007ff7f1e14000 	C:\Program Files\Java\jdk1.8.0_20\bin\java.exe
0x00007ffd0aa60000 - 0x00007ffd0ac0d000 	C:\Windows\SYSTEM32\ntdll.dll
0x00007ffd08760000 - 0x00007ffd0889e000 	C:\Windows\system32\KERNEL32.DLL
0x00007ffd07c60000 - 0x00007ffd07d75000 	C:\Windows\system32\KERNELBASE.dll
0x00007ffd06760000 - 0x00007ffd067ee000 	C:\Windows\system32\apphelp.dll
0x00007ffcfd040000 - 0x00007ffcfd093000 	C:\Windows\AppPatch\AppPatch64\AcGenral.DLL
0x00007ffd0a140000 - 0x00007ffd0a1ea000 	C:\Windows\system32\msvcrt.dll
0x00007ffd08070000 - 0x00007ffd0809e000 	C:\Windows\system32\SspiCli.dll
0x00007ffd0a2b0000 - 0x00007ffd0a304000 	C:\Windows\system32\SHLWAPI.dll
0x00007ffd09fc0000 - 0x00007ffd0a137000 	C:\Windows\system32\USER32.dll
0x00007ffd0a380000 - 0x00007ffd0a514000 	C:\Windows\system32\ole32.dll
0x00007ffd08a90000 - 0x00007ffd09fb9000 	C:\Windows\system32\SHELL32.dll
0x00007ffd07160000 - 0x00007ffd07181000 	C:\Windows\SYSTEM32\USERENV.dll
0x00007ffd083f0000 - 0x00007ffd0849a000 	C:\Windows\system32\ADVAPI32.dll
0x00007ffcf3f80000 - 0x00007ffcf3f9e000 	C:\Windows\SYSTEM32\MPR.dll
0x00007ffd08100000 - 0x00007ffd08240000 	C:\Windows\system32\RPCRT4.dll
0x00007ffd08700000 - 0x00007ffd08759000 	C:\Windows\SYSTEM32\sechost.dll
0x00007ffd0a690000 - 0x00007ffd0a8a1000 	C:\Windows\SYSTEM32\combase.dll
0x00007ffd0a910000 - 0x00007ffd0aa5f000 	C:\Windows\system32\GDI32.dll
0x00007ffd07b90000 - 0x00007ffd07ba5000 	C:\Windows\SYSTEM32\profapi.dll
0x00007ffd06110000 - 0x00007ffd061c2000 	C:\Windows\SYSTEM32\SHCORE.dll
0x00007ffd0a8d0000 - 0x00007ffd0a906000 	C:\Windows\system32\IMM32.DLL
0x00007ffd0a530000 - 0x00007ffd0a682000 	C:\Windows\system32\MSCTF.dll
0x00007ffd05800000 - 0x00007ffd05a7b000 	C:\Windows\WinSxS\amd64_microsoft.windows.common-controls_6595b64144ccf1df_6.0.9600.18006_none_623f33d3ecbe86e8\COMCTL32.dll
0x00000000762c0000 - 0x0000000076392000 	C:\Program Files\Java\jdk1.8.0_20\jre\bin\msvcr100.dll
0x00000000763a0000 - 0x0000000076bf8000 	C:\Program Files\Java\jdk1.8.0_20\jre\bin\server\jvm.dll
0x00007ffcff350000 - 0x00007ffcff359000 	C:\Windows\SYSTEM32\WSOCK32.dll
0x00007ffcff3f0000 - 0x00007ffcff412000 	C:\Windows\SYSTEM32\WINMM.dll
0x00007ffd0a310000 - 0x00007ffd0a317000 	C:\Windows\system32\PSAPI.DLL
0x00007ffd0a320000 - 0x00007ffd0a37a000 	C:\Windows\system32\WS2_32.dll
0x00007ffcff3c0000 - 0x00007ffcff3ea000 	C:\Windows\SYSTEM32\WINMMBASE.dll
0x00007ffd080f0000 - 0x00007ffd080f9000 	C:\Windows\system32\NSI.dll
0x00007ffd080a0000 - 0x00007ffd080ef000 	C:\Windows\SYSTEM32\cfgmgr32.dll
0x00007ffd069b0000 - 0x00007ffd069d8000 	C:\Windows\SYSTEM32\DEVOBJ.dll
0x00000000508c0000 - 0x00000000508cf000 	C:\Program Files\Java\jdk1.8.0_20\jre\bin\verify.dll
0x0000000050010000 - 0x0000000050038000 	C:\Program Files\Java\jdk1.8.0_20\jre\bin\java.dll
0x00000000508a0000 - 0x00000000508b6000 	C:\Program Files\Java\jdk1.8.0_20\jre\bin\zip.dll

VM Arguments:
jvm_args: -Djava.awt.headless=true -Xmx1024M -Dfile.encoding=windows-1252 -Duser.country=US -Duser.language=en -Duser.variant 
java_command: com.android.dx.command.Main --dex --force-jumbo --num-threads=4 --multi-dex --output C:\Users\Fahmee\AndroidStudioProjects\MapDemo\app\build\intermediates\transforms\dex\debug\folders\1000\10\com.google.android.gms-play-services-cast-framework-9.2.1_a43aaef9467e8876a05f355ee7433dfa5e6a2c69 C:\Users\Fahmee\AndroidStudioProjects\MapDemo\app\build\intermediates\exploded-aar\com.google.android.gms\play-services-cast-framework\9.2.1\jars\classes.jar
java_class_path (initial): C:\Users\Fahmee\AppData\Local\Android\sdk\build-tools\24.0.0\lib\dx.jar
Launcher Type: SUN_STANDARD

Environment Variables:
PATH=C:\Program Files (x86)\ActiveState Komodo IDE 10\;C:\ProgramData\Oracle\Java\javapath;C:\watcom-1.3\binnt;C:\watcom-1.3\binw;C:\Program Files (x86)\Common Files\Intel\Shared Libraries\redist\ia32\compiler;C:\Program Files (x86)\Intel\iCLS Client\;C:\Program Files\Intel\iCLS Client\;C:\Program Files (x86)\AMD APP\bin\x86_64;C:\Program Files (x86)\AMD APP\bin\x86;C:\Windows\system32;C:\Windows;C:\Windows\System32\Wbem;C:\Windows\System32\WindowsPowerShell\v1.0\;C:\Program Files (x86)\ATI Technologies\ATI.ACE\Core-Static;C:\Program Files\Intel\Intel(R) Management Engine Components\DAL;C:\Program Files\Intel\Intel(R) Management Engine Components\IPT;C:\Program Files (x86)\Intel\Intel(R) Management Engine Components\DAL;C:\Program Files (x86)\Intel\Intel(R) Management Engine Components\IPT;C:\Program Files\Sony\VAIO Improvement\;C:\Program Files (x86)\Sony\VAIO Startup Setting Tool;C:\Program Files (x86)\Skype\Phone\;C:\Program Files (x86)\Brackets\command;C:\Windows\system32\config\systemprofile\.dnx\bin;C:\Program Files\Microsoft DNX\Dnvm\;C:\Program Files\Microsoft SQL Server\130\Tools\Binn\;C:\Program Files (x86)\Calibre2\;C:\Users\Fahmee\AppData\Local\Programs\Python\Python35-32\Scripts\;C:\Users\Fahmee\AppData\Local\Programs\Python\Python35-32\
USERNAME=Fahmee
OS=Windows_NT
PROCESSOR_IDENTIFIER=Intel64 Family 6 Model 58 Stepping 9, GenuineIntel



---------------  S Y S T E M  ---------------

OS: Windows 8.1 , 64 bit Build 9600 

CPU:total 8 (4 cores per cpu, 2 threads per core) family 6 model 58 stepping 9, cmov, cx8, fxsr, mmx, sse, sse2, sse3, ssse3, sse4.1, sse4.2, popcnt, avx, aes, clmul, erms, ht, tsc, tscinvbit, tscinv

Memory: 4k page, physical 8257924k(273836k free), swap 11403652k(5092k free)

vm_info: Java HotSpot(TM) 64-Bit Server VM (25.20-b23) for windows-amd64 JRE (1.8.0_20-b26), built on Jul 30 2014 13:51:23 by "java_re" with MS VC++ 10.0 (VS2010)

time: Sun Aug 14 20:09:27 2016
elapsed time: 1 seconds (0d 0h 0m 1s)

