#
# There is insufficient memory for the Java Runtime Environment to continue.
# Native memory allocation (malloc) failed to allocate 761616 bytes for Chunk::new
# Possible reasons:
#   The system is out of physical RAM or swap space
#   In 32 bit mode, the process size limit was hit
# Possible solutions:
#   Reduce memory load on the system
#   Increase physical memory or swap space
#   Check if swap backing store is full
#   Use 64 bit Java on a 64 bit OS
#   Decrease Java heap size (-Xmx/-Xms)
#   Decrease number of Java threads
#   Decrease Java thread stack sizes (-Xss)
#   Set larger code cache with -XX:ReservedCodeCacheSize=
# This output file may be truncated or incomplete.
#
#  Out of Memory Error (allocation.cpp:390), pid=11588, tid=8288
#
# JRE version: Java(TM) SE Runtime Environment (8.0_20-b26) (build 1.8.0_20-b26)
# Java VM: Java HotSpot(TM) 64-Bit Server VM (25.20-b23 mixed mode windows-amd64 compressed oops)
# Failed to write core dump. Minidumps are not enabled by default on client versions of Windows
#

---------------  T H R E A D  ---------------

Current thread (0x0000000017526000):  JavaThread "C2 CompilerThread0" daemon [_thread_in_native, id=8288, stack(0x0000000017b00000,0x0000000017c00000)]

Stack: [0x0000000017b00000,0x0000000017c00000]
Native frames: (J=compiled Java code, j=interpreted, Vv=VM code, C=native code)
V  [jvm.dll+0x3152fa]
V  [jvm.dll+0x265d03]
V  [jvm.dll+0x266943]
V  [jvm.dll+0x25e265]
V  [jvm.dll+0xbe255]
V  [jvm.dll+0xbe6fc]
V  [jvm.dll+0x45c472]
V  [jvm.dll+0x49d76f]
V  [jvm.dll+0x451911]
V  [jvm.dll+0x452634]
V  [jvm.dll+0x435fc2]
V  [jvm.dll+0x97b62]
V  [jvm.dll+0x98353]
V  [jvm.dll+0x22aac4]
V  [jvm.dll+0x283f5a]
C  [msvcr100.dll+0x21d9f]
C  [msvcr100.dll+0x21e3b]
C  [KERNEL32.DLL+0x13d2]
C  [ntdll.dll+0x154e4]


Current CompileTask:
C2:   1448 1105       4       com.android.dx.ssa.SCCP::simulateStmt (481 bytes)


---------------  P R O C E S S  ---------------

Java Threads: ( => current thread )
  0x000000001788f800 JavaThread "pool-2-thread-4" [_thread_blocked, id=13520, stack(0x0000000018d00000,0x0000000018e00000)]
  0x0000000017888000 JavaThread "pool-2-thread-3" [_thread_blocked, id=12104, stack(0x0000000018c00000,0x0000000018d00000)]
  0x00000000177d3800 JavaThread "pool-2-thread-2" [_thread_blocked, id=7112, stack(0x0000000018b00000,0x0000000018c00000)]
  0x00000000177f7800 JavaThread "pool-3-thread-1" [_thread_blocked, id=9908, stack(0x0000000018a00000,0x0000000018b00000)]
  0x000000001810a000 JavaThread "pool-2-thread-1" [_thread_blocked, id=9064, stack(0x0000000018900000,0x0000000018a00000)]
  0x000000001758d000 JavaThread "Service Thread" daemon [_thread_blocked, id=13544, stack(0x0000000017f00000,0x0000000018000000)]
  0x0000000017581000 JavaThread "C1 CompilerThread3" daemon [_thread_blocked, id=9296, stack(0x0000000017e00000,0x0000000017f00000)]
  0x000000001757e000 JavaThread "C2 CompilerThread2" daemon [_thread_in_native, id=5836, stack(0x0000000017d00000,0x0000000017e00000)]
  0x0000000017577000 JavaThread "C2 CompilerThread1" daemon [_thread_in_native, id=2800, stack(0x0000000017c00000,0x0000000017d00000)]
=>0x0000000017526000 JavaThread "C2 CompilerThread0" daemon [_thread_in_native, id=8288, stack(0x0000000017b00000,0x0000000017c00000)]
  0x0000000017523800 JavaThread "Attach Listener" daemon [_thread_blocked, id=11576, stack(0x0000000017a00000,0x0000000017b00000)]
  0x00000000154fe000 JavaThread "Signal Dispatcher" daemon [_thread_blocked, id=8812, stack(0x0000000017900000,0x0000000017a00000)]
  0x00000000154ec000 JavaThread "Finalizer" daemon [_thread_blocked, id=8808, stack(0x0000000017400000,0x0000000017500000)]
  0x00000000014f2800 JavaThread "Reference Handler" daemon [_thread_blocked, id=12140, stack(0x0000000017300000,0x0000000017400000)]
  0x00000000013fd800 JavaThread "main" [_thread_blocked, id=10264, stack(0x0000000001230000,0x0000000001330000)]

Other Threads:
  0x00000000154e8000 VMThread [stack: 0x0000000017200000,0x0000000017300000] [id=9156]
  0x000000001758d800 WatcherThread [stack: 0x0000000018000000,0x0000000018100000] [id=7676]

VM state:at safepoint (normal execution)

VM Mutex/Monitor currently owned by a thread:  ([mutex/lock_event])
[0x00000000013fcf60] Threads_lock - owner thread: 0x00000000154e8000
[0x00000000013fcfe0] Heap_lock - owner thread: 0x000000001810a000

Heap:
 PSYoungGen      total 38400K, used 33280K [0x00000000eab00000, 0x00000000ed580000, 0x0000000100000000)
  eden space 33280K, 100% used [0x00000000eab00000,0x00000000ecb80000,0x00000000ecb80000)
  from space 5120K, 0% used [0x00000000ed080000,0x00000000ed080000,0x00000000ed580000)
  to   space 5120K, 55% used [0x00000000ecb80000,0x00000000ece40020,0x00000000ed080000)
 ParOldGen       total 87552K, used 16K [0x00000000c0000000, 0x00000000c5580000, 0x00000000eab00000)
  object space 87552K, 0% used [0x00000000c0000000,0x00000000c0004000,0x00000000c5580000)
 Metaspace       used 5901K, capacity 6896K, committed 7040K, reserved 1056768K
  class space    used 587K, capacity 616K, committed 640K, reserved 1048576K

Card table byte_map: [0x00000000018c0000,0x0000000001ad0000] byte_map_base: 0x00000000012c0000

Marking Bits: (ParMarkBitMap*) 0x0000000076b7b460
 Begin Bits: [0x0000000012900000, 0x0000000013900000)
 End Bits:   [0x0000000013900000, 0x0000000014900000)

Polling page: 0x0000000000da0000

CodeCache: size=245760Kb used=4626Kb max_used=4626Kb free=241133Kb
 bounds [0x0000000003400000, 0x0000000003890000, 0x0000000012400000]
 total_blobs=1436 nmethods=1172 adapters=177
 compilation: disabled (not enough contiguous free space left)

Compilation events (10 events):
Event: 1.421 Thread 0x0000000017581000 nmethod 1179 0x000000000387ffd0 code [0x00000000038803c0, 0x0000000003882468]
Event: 1.421 Thread 0x0000000017581000 1183       2       java.util.HashMap::getNode (148 bytes)
Event: 1.421 Thread 0x0000000017577000 nmethod 1157 0x0000000003884c90 code [0x0000000003884e00, 0x0000000003885248]
Event: 1.421 Thread 0x0000000017577000 1158       4       com.android.dx.ssa.SsaBasicBlock::forEachPhiInsn (54 bytes)
Event: 1.422 Thread 0x0000000017581000 nmethod 1183 0x000000000387f810 code [0x000000000387f9a0, 0x000000000387fd68]
Event: 1.422 Thread 0x0000000017581000 1180       3       com.android.dx.ssa.back.SsaToRop::removePhiFunctions (83 bytes)
Event: 1.423 Thread 0x0000000017581000 nmethod 1180 0x0000000003885750 code [0x0000000003885a20, 0x0000000003886da8]
Event: 1.423 Thread 0x0000000017581000 1184       3       com.android.dx.ssa.back.IdenticalBlockCombiner::process (323 bytes)
Event: 1.426 Thread 0x0000000017581000 nmethod 1184 0x0000000003887890 code [0x0000000003887c20, 0x000000000388a0d8]
Event: 1.426 Thread 0x0000000017581000 1187       3       com.android.dx.ssa.SsaConverter::placePhiFunctions (394 bytes)

GC Heap History (0 events):
No events

Deoptimization events (8 events):
Event: 1.272 Thread 0x00000000177d3800 Uncommon trap: reason=class_check action=maybe_recompile pc=0x00000000036b3598 method=com.android.dx.ssa.NormalSsaInsn.accept(Lcom/android/dx/ssa/SsaInsn$Visitor;)V @ 9
Event: 1.417 Thread 0x00000000013fd800 Uncommon trap: reason=bimorphic action=maybe_recompile pc=0x0000000003622628 method=java.util.HashMap.getNode(ILjava/lang/Object;)Ljava/util/HashMap$Node; @ 126
Event: 1.417 Thread 0x00000000013fd800 Uncommon trap: reason=class_check action=maybe_recompile pc=0x0000000003807764 method=java.util.HashMap.putVal(ILjava/lang/Object;Ljava/lang/Object;ZZ)Ljava/lang/Object; @ 203
Event: 1.417 Thread 0x00000000013fd800 Uncommon trap: reason=bimorphic action=maybe_recompile pc=0x0000000003622628 method=java.util.HashMap.getNode(ILjava/lang/Object;)Ljava/util/HashMap$Node; @ 126
Event: 1.417 Thread 0x00000000013fd800 Uncommon trap: reason=class_check action=maybe_recompile pc=0x0000000003807764 method=java.util.HashMap.putVal(ILjava/lang/Object;Ljava/lang/Object;ZZ)Ljava/lang/Object; @ 203
Event: 1.417 Thread 0x00000000013fd800 Uncommon trap: reason=bimorphic action=maybe_recompile pc=0x00000000036687fc method=java.util.HashMap.getNode(ILjava/lang/Object;)Ljava/util/HashMap$Node; @ 126
Event: 1.417 Thread 0x00000000013fd800 Uncommon trap: reason=bimorphic action=maybe_recompile pc=0x00000000036687fc method=java.util.HashMap.getNode(ILjava/lang/Object;)Ljava/util/HashMap$Node; @ 126
Event: 1.417 Thread 0x00000000013fd800 Uncommon trap: reason=bimorphic action=maybe_recompile pc=0x0000000003622628 method=java.util.HashMap.getNode(ILjava/lang/Object;)Ljava/util/HashMap$Node; @ 126

Internal exceptions (10 events):
Event: 0.799 Thread 0x000000001810a000 Exception <a 'java/security/PrivilegedActionException'> (0x00000000eb3ddf58) thrown at [D:\re\workspace\8-2-build-windows-amd64-cygwin\jdk8u20\1074\hotspot\src\share\vm\prims\jvm.cpp, line 1275]
Event: 0.800 Thread 0x000000001810a000 Exception <a 'java/security/PrivilegedActionException'> (0x00000000eb3e2650) thrown at [D:\re\workspace\8-2-build-windows-amd64-cygwin\jdk8u20\1074\hotspot\src\share\vm\prims\jvm.cpp, line 1275]
Event: 0.802 Thread 0x0000000017888000 Exception <a 'java/security/PrivilegedActionException'> (0x00000000eb54f908) thrown at [D:\re\workspace\8-2-build-windows-amd64-cygwin\jdk8u20\1074\hotspot\src\share\vm\prims\jvm.cpp, line 1275]
Event: 0.804 Thread 0x0000000017888000 Exception <a 'java/security/PrivilegedActionException'> (0x00000000eb554848) thrown at [D:\re\workspace\8-2-build-windows-amd64-cygwin\jdk8u20\1074\hotspot\src\share\vm\prims\jvm.cpp, line 1275]
Event: 0.805 Thread 0x0000000017888000 Exception <a 'java/security/PrivilegedActionException'> (0x00000000eb55a250) thrown at [D:\re\workspace\8-2-build-windows-amd64-cygwin\jdk8u20\1074\hotspot\src\share\vm\prims\jvm.cpp, line 1275]
Event: 0.805 Thread 0x0000000017888000 Exception <a 'java/security/PrivilegedActionException'> (0x00000000eb55f9d8) thrown at [D:\re\workspace\8-2-build-windows-amd64-cygwin\jdk8u20\1074\hotspot\src\share\vm\prims\jvm.cpp, line 1275]
Event: 0.807 Thread 0x0000000017888000 Exception <a 'java/security/PrivilegedActionException'> (0x00000000eb991a28) thrown at [D:\re\workspace\8-2-build-windows-amd64-cygwin\jdk8u20\1074\hotspot\src\share\vm\prims\jvm.cpp, line 1275]
Event: 0.911 Thread 0x000000001788f800 Exception <a 'java/security/PrivilegedActionException'> (0x00000000ebc2e290) thrown at [D:\re\workspace\8-2-build-windows-amd64-cygwin\jdk8u20\1074\hotspot\src\share\vm\prims\jvm.cpp, line 1275]
Event: 1.340 Thread 0x0000000017888000 Exception <a 'java/security/PrivilegedActionException'> (0x00000000ec3ae4d0) thrown at [D:\re\workspace\8-2-build-windows-amd64-cygwin\jdk8u20\1074\hotspot\src\share\vm\prims\jvm.cpp, line 1275]
Event: 1.359 Thread 0x00000000013fd800 Exception <a 'java/security/PrivilegedActionException'> (0x00000000ec7496d0) thrown at [D:\re\workspace\8-2-build-windows-amd64-cygwin\jdk8u20\1074\hotspot\src\share\vm\prims\jvm.cpp, line 1275]

Events (10 events):
Event: 1.417 Thread 0x00000000013fd800 DEOPT UNPACKING pc=0x000000000344556a sp=0x000000000132e368 mode 2
Event: 1.417 Thread 0x00000000013fd800 Uncommon trap: trap_request=0xffffffc6 fr.pc=0x00000000036687fc
Event: 1.417 Thread 0x00000000013fd800 DEOPT PACKING pc=0x00000000036687fc sp=0x000000000132e110
Event: 1.417 Thread 0x00000000013fd800 DEOPT UNPACKING pc=0x000000000344556a sp=0x000000000132e038 mode 2
Event: 1.417 Thread 0x00000000013fd800 Uncommon trap: trap_request=0xffffffc6 fr.pc=0x00000000036687fc
Event: 1.417 Thread 0x00000000013fd800 DEOPT PACKING pc=0x00000000036687fc sp=0x000000000132e110
Event: 1.417 Thread 0x00000000013fd800 DEOPT UNPACKING pc=0x000000000344556a sp=0x000000000132e038 mode 2
Event: 1.417 Thread 0x00000000013fd800 Uncommon trap: trap_request=0xffffffc6 fr.pc=0x0000000003622628
Event: 1.417 Thread 0x00000000013fd800 DEOPT PACKING pc=0x0000000003622628 sp=0x000000000132e080
Event: 1.417 Thread 0x00000000013fd800 DEOPT UNPACKING pc=0x000000000344556a sp=0x000000000132e018 mode 2


Dynamic libraries:
0x00007ff7f1de0000 - 0x00007ff7f1e14000 	C:\Program Files\Java\jdk1.8.0_20\bin\java.exe
0x00007ffd0aa60000 - 0x00007ffd0ac0d000 	C:\Windows\SYSTEM32\ntdll.dll
0x00007ffd08760000 - 0x00007ffd0889e000 	C:\Windows\system32\KERNEL32.DLL
0x00007ffd07c60000 - 0x00007ffd07d75000 	C:\Windows\system32\KERNELBASE.dll
0x00007ffd06760000 - 0x00007ffd067ee000 	C:\Windows\system32\apphelp.dll
0x00007ffcfd040000 - 0x00007ffcfd093000 	C:\Windows\AppPatch\AppPatch64\AcGenral.DLL
0x00007ffd0a140000 - 0x00007ffd0a1ea000 	C:\Windows\system32\msvcrt.dll
0x00007ffd08070000 - 0x00007ffd0809e000 	C:\Windows\system32\SspiCli.dll
0x00007ffd0a2b0000 - 0x00007ffd0a304000 	C:\Windows\system32\SHLWAPI.dll
0x00007ffd09fc0000 - 0x00007ffd0a137000 	C:\Windows\system32\USER32.dll
0x00007ffd0a380000 - 0x00007ffd0a514000 	C:\Windows\system32\ole32.dll
0x00007ffd08a90000 - 0x00007ffd09fb9000 	C:\Windows\system32\SHELL32.dll
0x00007ffd07160000 - 0x00007ffd07181000 	C:\Windows\SYSTEM32\USERENV.dll
0x00007ffd083f0000 - 0x00007ffd0849a000 	C:\Windows\system32\ADVAPI32.dll
0x00007ffcf3f80000 - 0x00007ffcf3f9e000 	C:\Windows\SYSTEM32\MPR.dll
0x00007ffd08100000 - 0x00007ffd08240000 	C:\Windows\system32\RPCRT4.dll
0x00007ffd08700000 - 0x00007ffd08759000 	C:\Windows\SYSTEM32\sechost.dll
0x00007ffd0a690000 - 0x00007ffd0a8a1000 	C:\Windows\SYSTEM32\combase.dll
0x00007ffd0a910000 - 0x00007ffd0aa5f000 	C:\Windows\system32\GDI32.dll
0x00007ffd07b90000 - 0x00007ffd07ba5000 	C:\Windows\SYSTEM32\profapi.dll
0x00007ffd06110000 - 0x00007ffd061c2000 	C:\Windows\SYSTEM32\SHCORE.dll
0x00007ffd0a8d0000 - 0x00007ffd0a906000 	C:\Windows\system32\IMM32.DLL
0x00007ffd0a530000 - 0x00007ffd0a682000 	C:\Windows\system32\MSCTF.dll
0x00007ffd05800000 - 0x00007ffd05a7b000 	C:\Windows\WinSxS\amd64_microsoft.windows.common-controls_6595b64144ccf1df_6.0.9600.18006_none_623f33d3ecbe86e8\COMCTL32.dll
0x00000000762c0000 - 0x0000000076392000 	C:\Program Files\Java\jdk1.8.0_20\jre\bin\msvcr100.dll
0x00000000763a0000 - 0x0000000076bf8000 	C:\Program Files\Java\jdk1.8.0_20\jre\bin\server\jvm.dll
0x00007ffcff350000 - 0x00007ffcff359000 	C:\Windows\SYSTEM32\WSOCK32.dll
0x00007ffcff3f0000 - 0x00007ffcff412000 	C:\Windows\SYSTEM32\WINMM.dll
0x00007ffd0a310000 - 0x00007ffd0a317000 	C:\Windows\system32\PSAPI.DLL
0x00007ffd0a320000 - 0x00007ffd0a37a000 	C:\Windows\system32\WS2_32.dll
0x00007ffcff3c0000 - 0x00007ffcff3ea000 	C:\Windows\SYSTEM32\WINMMBASE.dll
0x00007ffd080f0000 - 0x00007ffd080f9000 	C:\Windows\system32\NSI.dll
0x00007ffd080a0000 - 0x00007ffd080ef000 	C:\Windows\SYSTEM32\cfgmgr32.dll
0x00007ffd069b0000 - 0x00007ffd069d8000 	C:\Windows\SYSTEM32\DEVOBJ.dll
0x00000000508c0000 - 0x00000000508cf000 	C:\Program Files\Java\jdk1.8.0_20\jre\bin\verify.dll
0x0000000050010000 - 0x0000000050038000 	C:\Program Files\Java\jdk1.8.0_20\jre\bin\java.dll
0x00000000508a0000 - 0x00000000508b6000 	C:\Program Files\Java\jdk1.8.0_20\jre\bin\zip.dll
0x00007ffcfd8c0000 - 0x00007ffcfda49000 	C:\Windows\SYSTEM32\dbghelp.dll

VM Arguments:
jvm_args: -Djava.awt.headless=true -Xmx1024M -Dfile.encoding=windows-1252 -Duser.country=US -Duser.language=en -Duser.variant 
java_command: com.android.dx.command.Main --dex --force-jumbo --num-threads=4 --multi-dex --output C:\Users\Fahmee\AndroidStudioProjects\MapDemo\app\build\intermediates\transforms\dex\debug\folders\1000\10\com.google.android.gms-play-services-cast-framework-9.2.1_a43aaef9467e8876a05f355ee7433dfa5e6a2c69 C:\Users\Fahmee\AndroidStudioProjects\MapDemo\app\build\intermediates\exploded-aar\com.google.android.gms\play-services-cast-framework\9.2.1\jars\classes.jar
java_class_path (initial): C:\Users\Fahmee\AppData\Local\Android\sdk\build-tools\24.0.0\lib\dx.jar
Launcher Type: SUN_STANDARD

Environment Variables:
PATH=C:\Program Files (x86)\ActiveState Komodo IDE 10\;C:\ProgramData\Oracle\Java\javapath;C:\watcom-1.3\binnt;C:\watcom-1.3\binw;C:\Program Files (x86)\Common Files\Intel\Shared Libraries\redist\ia32\compiler;C:\Program Files (x86)\Intel\iCLS Client\;C:\Program Files\Intel\iCLS Client\;C:\Program Files (x86)\AMD APP\bin\x86_64;C:\Program Files (x86)\AMD APP\bin\x86;C:\Windows\system32;C:\Windows;C:\Windows\System32\Wbem;C:\Windows\System32\WindowsPowerShell\v1.0\;C:\Program Files (x86)\ATI Technologies\ATI.ACE\Core-Static;C:\Program Files\Intel\Intel(R) Management Engine Components\DAL;C:\Program Files\Intel\Intel(R) Management Engine Components\IPT;C:\Program Files (x86)\Intel\Intel(R) Management Engine Components\DAL;C:\Program Files (x86)\Intel\Intel(R) Management Engine Components\IPT;C:\Program Files\Sony\VAIO Improvement\;C:\Program Files (x86)\Sony\VAIO Startup Setting Tool;C:\Program Files (x86)\Skype\Phone\;C:\Program Files (x86)\Brackets\command;C:\Windows\system32\config\systemprofile\.dnx\bin;C:\Program Files\Microsoft DNX\Dnvm\;C:\Program Files\Microsoft SQL Server\130\Tools\Binn\;C:\Program Files (x86)\Calibre2\;C:\Users\Fahmee\AppData\Local\Programs\Python\Python35-32\Scripts\;C:\Users\Fahmee\AppData\Local\Programs\Python\Python35-32\
USERNAME=Fahmee
OS=Windows_NT
PROCESSOR_IDENTIFIER=Intel64 Family 6 Model 58 Stepping 9, GenuineIntel



---------------  S Y S T E M  ---------------

OS: Windows 8.1 , 64 bit Build 9600 

CPU:total 8 (4 cores per cpu, 2 threads per core) family 6 model 58 stepping 9, cmov, cx8, fxsr, mmx, sse, sse2, sse3, ssse3, sse4.1, sse4.2, popcnt, avx, aes, clmul, erms, ht, tsc, tscinvbit, tscinv

Memory: 4k page, physical 8257924k(210728k free), swap 11403652k(5016k free)

vm_info: Java HotSpot(TM) 64-Bit Server VM (25.20-b23) for windows-amd64 JRE (1.8.0_20-b26), built on Jul 30 2014 13:51:23 by "java_re" with MS VC++ 10.0 (VS2010)

time: Sun Aug 14 20:57:50 2016
elapsed time: 1 seconds (0d 0h 0m 1s)

