#
# There is insufficient memory for the Java Runtime Environment to continue.
# Native memory allocation (malloc) failed to allocate 2139936 bytes for Chunk::new
# Possible reasons:
#   The system is out of physical RAM or swap space
#   In 32 bit mode, the process size limit was hit
# Possible solutions:
#   Reduce memory load on the system
#   Increase physical memory or swap space
#   Check if swap backing store is full
#   Use 64 bit Java on a 64 bit OS
#   Decrease Java heap size (-Xmx/-Xms)
#   Decrease number of Java threads
#   Decrease Java thread stack sizes (-Xss)
#   Set larger code cache with -XX:ReservedCodeCacheSize=
# This output file may be truncated or incomplete.
#
#  Out of Memory Error (allocation.cpp:390), pid=13224, tid=12460
#
# JRE version: Java(TM) SE Runtime Environment (8.0_20-b26) (build 1.8.0_20-b26)
# Java VM: Java HotSpot(TM) 64-Bit Server VM (25.20-b23 mixed mode windows-amd64 compressed oops)
# Failed to write core dump. Minidumps are not enabled by default on client versions of Windows
#

---------------  T H R E A D  ---------------

Current thread (0x0000000017210000):  JavaThread "C2 CompilerThread2" daemon [_thread_in_native, id=12460, stack(0x00000000179e0000,0x0000000017ae0000)]

Stack: [0x00000000179e0000,0x0000000017ae0000]
Native frames: (J=compiled Java code, j=interpreted, Vv=VM code, C=native code)
V  [jvm.dll+0x3152fa]
V  [jvm.dll+0x265d03]
V  [jvm.dll+0x266943]
V  [jvm.dll+0x25e265]
V  [jvm.dll+0xbe255]
V  [jvm.dll+0xbe6fc]
V  [jvm.dll+0x45c472]
V  [jvm.dll+0x49d76f]
V  [jvm.dll+0x451911]
V  [jvm.dll+0x452634]
V  [jvm.dll+0x435fc2]
V  [jvm.dll+0x97b62]
V  [jvm.dll+0x98353]
V  [jvm.dll+0x22aac4]
V  [jvm.dll+0x283f5a]
C  [msvcr100.dll+0x21d9f]
C  [msvcr100.dll+0x21e3b]
C  [KERNEL32.DLL+0x13d2]
C  [ntdll.dll+0x154e4]


Current CompileTask:
C2:   2067 1639   !   4       com.android.dx.cf.code.BytecodeArray::parseInstruction (2764 bytes)


---------------  P R O C E S S  ---------------

Java Threads: ( => current thread )
  0x0000000017530800 JavaThread "pool-2-thread-4" [_thread_in_Java, id=12780, stack(0x00000000181e0000,0x00000000182e0000)]
  0x000000001752d000 JavaThread "pool-2-thread-3" [_thread_blocked, id=7580, stack(0x00000000180e0000,0x00000000181e0000)]
  0x000000001752c800 JavaThread "pool-2-thread-2" [_thread_in_Java, id=6596, stack(0x0000000017fe0000,0x00000000180e0000)]
  0x0000000017546800 JavaThread "pool-3-thread-1" [_thread_blocked, id=13300, stack(0x0000000017ee0000,0x0000000017fe0000)]
  0x0000000017514000 JavaThread "pool-2-thread-1" [_thread_blocked, id=11500, stack(0x0000000017de0000,0x0000000017ee0000)]
  0x000000001729b800 JavaThread "Service Thread" daemon [_thread_blocked, id=3340, stack(0x0000000017be0000,0x0000000017ce0000)]
  0x0000000017217000 JavaThread "C1 CompilerThread3" daemon [_thread_blocked, id=10064, stack(0x0000000017ae0000,0x0000000017be0000)]
=>0x0000000017210000 JavaThread "C2 CompilerThread2" daemon [_thread_in_native, id=12460, stack(0x00000000179e0000,0x0000000017ae0000)]
  0x000000001720e000 JavaThread "C2 CompilerThread1" daemon [_thread_in_native, id=9032, stack(0x00000000178e0000,0x00000000179e0000)]
  0x000000001720c800 JavaThread "C2 CompilerThread0" daemon [_thread_in_native, id=12240, stack(0x00000000177e0000,0x00000000178e0000)]
  0x0000000017206800 JavaThread "Attach Listener" daemon [_thread_blocked, id=3012, stack(0x00000000176e0000,0x00000000177e0000)]
  0x0000000017206000 JavaThread "Signal Dispatcher" daemon [_thread_blocked, id=5292, stack(0x00000000175e0000,0x00000000176e0000)]
  0x00000000011ca800 JavaThread "Finalizer" daemon [_thread_blocked, id=5396, stack(0x00000000170e0000,0x00000000171e0000)]
  0x00000000011c2000 JavaThread "Reference Handler" daemon [_thread_blocked, id=6080, stack(0x0000000016fe0000,0x00000000170e0000)]
  0x00000000010cd800 JavaThread "main" [_thread_in_Java, id=7112, stack(0x0000000000f20000,0x0000000001020000)]

Other Threads:
  0x00000000151e8800 VMThread [stack: 0x0000000016ee0000,0x0000000016fe0000] [id=6964]
  0x000000001729e800 WatcherThread [stack: 0x0000000017ce0000,0x0000000017de0000] [id=9856]

VM state:not at safepoint (normal execution)

VM Mutex/Monitor currently owned by a thread: None

Heap:
 PSYoungGen      total 71680K, used 35464K [0x00000000eab00000, 0x00000000ef600000, 0x0000000100000000)
  eden space 66560K, 45% used [0x00000000eab00000,0x00000000ec8aa3d8,0x00000000eec00000)
  from space 5120K, 99% used [0x00000000eec00000,0x00000000ef0f8018,0x00000000ef100000)
  to   space 5120K, 0% used [0x00000000ef100000,0x00000000ef100000,0x00000000ef600000)
 ParOldGen       total 87552K, used 14950K [0x00000000c0000000, 0x00000000c5580000, 0x00000000eab00000)
  object space 87552K, 17% used [0x00000000c0000000,0x00000000c0e99980,0x00000000c5580000)
 Metaspace       used 6228K, capacity 7152K, committed 7296K, reserved 1056768K
  class space    used 588K, capacity 616K, committed 640K, reserved 1048576K

Card table byte_map: [0x0000000001590000,0x00000000017a0000] byte_map_base: 0x0000000000f90000

Marking Bits: (ParMarkBitMap*) 0x0000000076b7b460
 Begin Bits: [0x0000000012600000, 0x0000000013600000)
 End Bits:   [0x0000000013600000, 0x0000000014600000)

Polling page: 0x0000000000b40000

CodeCache: size=245760Kb used=7103Kb max_used=7106Kb free=238656Kb
 bounds [0x0000000003400000, 0x0000000003b00000, 0x0000000012400000]
 total_blobs=2039 nmethods=1775 adapters=177
 compilation: enabled

Compilation events (10 events):
Event: 1.978 Thread 0x0000000017217000 1775       2       java.util.concurrent.ThreadPoolExecutor::afterExecute (1 bytes)
Event: 1.978 Thread 0x0000000017217000 nmethod 1775 0x0000000003abce50 code [0x0000000003abcfa0, 0x0000000003abd0f0]
Event: 1.978 Thread 0x0000000017217000 1776   !   2       java.util.concurrent.ThreadPoolExecutor::getTask (179 bytes)
Event: 1.979 Thread 0x0000000017217000 nmethod 1776 0x0000000003abc2d0 code [0x0000000003abc4a0, 0x0000000003abca58]
Event: 1.979 Thread 0x0000000017217000 1777       2       com.android.dx.rop.code.Rops::opGetStatic (97 bytes)
Event: 1.979 Thread 0x0000000017217000 nmethod 1777 0x0000000003acf610 code [0x0000000003acf7e0, 0x0000000003acfd18]
Event: 1.979 Thread 0x0000000017217000 1778       2       com.android.dx.ssa.back.FirstFitLocalCombiningAllocator$Multiset::getAndRemoveHighestCount (63 bytes)
Event: 1.980 Thread 0x0000000017217000 nmethod 1778 0x0000000003acffd0 code [0x0000000003ad0140, 0x0000000003ad0390]
Event: 1.982 Thread 0x0000000017217000 1779       2       java.util.concurrent.locks.ReentrantLock::lockInterruptibly (9 bytes)
Event: 1.983 Thread 0x0000000017217000 nmethod 1779 0x0000000003ad05d0 code [0x0000000003ad0760, 0x0000000003ad09f8]

GC Heap History (6 events):
Event: 0.933 GC heap before
{Heap before GC invocations=1 (full 0):
 PSYoungGen      total 38400K, used 33280K [0x00000000eab00000, 0x00000000ed580000, 0x0000000100000000)
  eden space 33280K, 100% used [0x00000000eab00000,0x00000000ecb80000,0x00000000ecb80000)
  from space 5120K, 0% used [0x00000000ed080000,0x00000000ed080000,0x00000000ed580000)
  to   space 5120K, 0% used [0x00000000ecb80000,0x00000000ecb80000,0x00000000ed080000)
 ParOldGen       total 87552K, used 0K [0x00000000c0000000, 0x00000000c5580000, 0x00000000eab00000)
  object space 87552K, 0% used [0x00000000c0000000,0x00000000c0000000,0x00000000c5580000)
 Metaspace       used 5852K, capacity 6832K, committed 7040K, reserved 1056768K
  class space    used 582K, capacity 616K, committed 640K, reserved 1048576K
Event: 0.948 GC heap after
Heap after GC invocations=1 (full 0):
 PSYoungGen      total 38400K, used 5097K [0x00000000eab00000, 0x00000000ef600000, 0x0000000100000000)
  eden space 33280K, 0% used [0x00000000eab00000,0x00000000eab00000,0x00000000ecb80000)
  from space 5120K, 99% used [0x00000000ecb80000,0x00000000ed07a480,0x00000000ed080000)
  to   space 5120K, 0% used [0x00000000ef100000,0x00000000ef100000,0x00000000ef600000)
 ParOldGen       total 87552K, used 1094K [0x00000000c0000000, 0x00000000c5580000, 0x00000000eab00000)
  object space 87552K, 1% used [0x00000000c0000000,0x00000000c01119b8,0x00000000c5580000)
 Metaspace       used 5852K, capacity 6832K, committed 7040K, reserved 1056768K
  class space    used 582K, capacity 616K, committed 640K, reserved 1048576K
}
Event: 1.304 GC heap before
{Heap before GC invocations=2 (full 0):
 PSYoungGen      total 38400K, used 38377K [0x00000000eab00000, 0x00000000ef600000, 0x0000000100000000)
  eden space 33280K, 100% used [0x00000000eab00000,0x00000000ecb80000,0x00000000ecb80000)
  from space 5120K, 99% used [0x00000000ecb80000,0x00000000ed07a480,0x00000000ed080000)
  to   space 5120K, 0% used [0x00000000ef100000,0x00000000ef100000,0x00000000ef600000)
 ParOldGen       total 87552K, used 1094K [0x00000000c0000000, 0x00000000c5580000, 0x00000000eab00000)
  object space 87552K, 1% used [0x00000000c0000000,0x00000000c01119b8,0x00000000c5580000)
 Metaspace       used 6040K, capacity 7024K, committed 7296K, reserved 1056768K
  class space    used 585K, capacity 616K, committed 640K, reserved 1048576K
Event: 1.322 GC heap after
Heap after GC invocations=2 (full 0):
 PSYoungGen      total 71680K, used 5111K [0x00000000eab00000, 0x00000000ef600000, 0x0000000100000000)
  eden space 66560K, 0% used [0x00000000eab00000,0x00000000eab00000,0x00000000eec00000)
  from space 5120K, 99% used [0x00000000ef100000,0x00000000ef5fdc88,0x00000000ef600000)
  to   space 5120K, 0% used [0x00000000eec00000,0x00000000eec00000,0x00000000ef100000)
 ParOldGen       total 87552K, used 5405K [0x00000000c0000000, 0x00000000c5580000, 0x00000000eab00000)
  object space 87552K, 6% used [0x00000000c0000000,0x00000000c0547638,0x00000000c5580000)
 Metaspace       used 6040K, capacity 7024K, committed 7296K, reserved 1056768K
  class space    used 585K, capacity 616K, committed 640K, reserved 1048576K
}
Event: 1.882 GC heap before
{Heap before GC invocations=3 (full 0):
 PSYoungGen      total 71680K, used 71671K [0x00000000eab00000, 0x00000000ef600000, 0x0000000100000000)
  eden space 66560K, 100% used [0x00000000eab00000,0x00000000eec00000,0x00000000eec00000)
  from space 5120K, 99% used [0x00000000ef100000,0x00000000ef5fdc88,0x00000000ef600000)
  to   space 5120K, 0% used [0x00000000eec00000,0x00000000eec00000,0x00000000ef100000)
 ParOldGen       total 87552K, used 5405K [0x00000000c0000000, 0x00000000c5580000, 0x00000000eab00000)
  object space 87552K, 6% used [0x00000000c0000000,0x00000000c0547638,0x00000000c5580000)
 Metaspace       used 6195K, capacity 7088K, committed 7296K, reserved 1056768K
  class space    used 588K, capacity 616K, committed 640K, reserved 1048576K
Event: 1.924 GC heap after
Heap after GC invocations=3 (full 0):
 PSYoungGen      total 71680K, used 5088K [0x00000000eab00000, 0x00000000ef600000, 0x0000000100000000)
  eden space 66560K, 0% used [0x00000000eab00000,0x00000000eab00000,0x00000000eec00000)
  from space 5120K, 99% used [0x00000000eec00000,0x00000000ef0f8018,0x00000000ef100000)
  to   space 5120K, 0% used [0x00000000ef100000,0x00000000ef100000,0x00000000ef600000)
 ParOldGen       total 87552K, used 14950K [0x00000000c0000000, 0x00000000c5580000, 0x00000000eab00000)
  object space 87552K, 17% used [0x00000000c0000000,0x00000000c0e99980,0x00000000c5580000)
 Metaspace       used 6195K, capacity 7088K, committed 7296K, reserved 1056768K
  class space    used 588K, capacity 616K, committed 640K, reserved 1048576K
}

Deoptimization events (10 events):
Event: 1.041 Thread 0x000000001752d000 Uncommon trap: reason=class_check action=maybe_recompile pc=0x00000000037ed128 method=com.android.dx.ssa.NormalSsaInsn.accept(Lcom/android/dx/ssa/SsaInsn$Visitor;)V @ 9
Event: 1.045 Thread 0x000000001752d000 Uncommon trap: reason=class_check action=maybe_recompile pc=0x000000000365946c method=com.android.dx.ssa.NormalSsaInsn.accept(Lcom/android/dx/ssa/SsaInsn$Visitor;)V @ 9
Event: 1.064 Thread 0x00000000010cd800 Uncommon trap: reason=unloaded action=reinterpret pc=0x00000000038f6454 method=com.android.dx.cf.cst.ConstantPoolParser.parse0(ILjava/util/BitSet;)Lcom/android/dx/rop/cst/Constant; @ 198
Event: 1.077 Thread 0x0000000017530800 Uncommon trap: reason=uninitialized action=reinterpret pc=0x00000000038948b4 method=com.android.dx.cf.code.BytecodeArray.parseInstruction(ILcom/android/dx/cf/code/BytecodeArray$Visitor;)I @ 999
Event: 1.540 Thread 0x000000001752d000 Uncommon trap: reason=bimorphic action=maybe_recompile pc=0x0000000003a48e68 method=com.android.dx.ssa.LiteralOpUpgrader.tryReplacingWithConstant(Lcom/android/dx/ssa/NormalSsaInsn;)Z @ 52
Event: 1.549 Thread 0x000000001752d000 Uncommon trap: reason=bimorphic action=maybe_recompile pc=0x0000000003a48e68 method=com.android.dx.ssa.LiteralOpUpgrader.tryReplacingWithConstant(Lcom/android/dx/ssa/NormalSsaInsn;)Z @ 52
Event: 1.590 Thread 0x000000001752d000 Uncommon trap: reason=bimorphic action=maybe_recompile pc=0x0000000003a75d38 method=com.android.dx.ssa.LiteralOpUpgrader.tryReplacingWithConstant(Lcom/android/dx/ssa/NormalSsaInsn;)Z @ 52
Event: 1.599 Thread 0x000000001752d000 Uncommon trap: reason=unreached action=reinterpret pc=0x00000000038b4e0c method=com.android.dx.ssa.MoveParamCombiner$1.visitNonMoveInsn(Lcom/android/dx/ssa/NormalSsaInsn;)V @ 27
Event: 1.687 Thread 0x000000001752c800 Uncommon trap: reason=bimorphic action=maybe_recompile pc=0x0000000003a75d38 method=com.android.dx.ssa.LiteralOpUpgrader.tryReplacingWithConstant(Lcom/android/dx/ssa/NormalSsaInsn;)Z @ 52
Event: 1.691 Thread 0x000000001752c800 Uncommon trap: reason=bimorphic action=maybe_recompile pc=0x0000000003a48e68 method=com.android.dx.ssa.LiteralOpUpgrader.tryReplacingWithConstant(Lcom/android/dx/ssa/NormalSsaInsn;)Z @ 52

Internal exceptions (10 events):
Event: 0.564 Thread 0x0000000017514000 Exception <a 'java/security/PrivilegedActionException'> (0x00000000ebc90758) thrown at [D:\re\workspace\8-2-build-windows-amd64-cygwin\jdk8u20\1074\hotspot\src\share\vm\prims\jvm.cpp, line 1275]
Event: 0.611 Thread 0x000000001752c800 Exception <a 'java/security/PrivilegedActionException'> (0x00000000ebf2f798) thrown at [D:\re\workspace\8-2-build-windows-amd64-cygwin\jdk8u20\1074\hotspot\src\share\vm\prims\jvm.cpp, line 1275]
Event: 0.684 Thread 0x000000001752d000 Exception <a 'java/security/PrivilegedActionException'> (0x00000000ebb66988) thrown at [D:\re\workspace\8-2-build-windows-amd64-cygwin\jdk8u20\1074\hotspot\src\share\vm\prims\jvm.cpp, line 1275]
Event: 1.007 Thread 0x000000001752c800 Implicit null exception at 0x00000000036a7462 to 0x00000000036a7552
Event: 1.108 Thread 0x00000000010cd800 Exception <a 'java/security/PrivilegedActionException'> (0x00000000eb2dbeb8) thrown at [D:\re\workspace\8-2-build-windows-amd64-cygwin\jdk8u20\1074\hotspot\src\share\vm\prims\jvm.cpp, line 1275]
Event: 1.292 Thread 0x00000000010cd800 Exception <a 'java/security/PrivilegedActionException'> (0x00000000ecb07fe8) thrown at [D:\re\workspace\8-2-build-windows-amd64-cygwin\jdk8u20\1074\hotspot\src\share\vm\prims\jvm.cpp, line 1275]
Event: 1.292 Thread 0x00000000010cd800 Exception <a 'java/security/PrivilegedActionException'> (0x00000000ecb0a958) thrown at [D:\re\workspace\8-2-build-windows-amd64-cygwin\jdk8u20\1074\hotspot\src\share\vm\prims\jvm.cpp, line 1275]
Event: 1.373 Thread 0x00000000010cd800 Exception <a 'java/security/PrivilegedActionException'> (0x00000000eafd45c8) thrown at [D:\re\workspace\8-2-build-windows-amd64-cygwin\jdk8u20\1074\hotspot\src\share\vm\prims\jvm.cpp, line 1275]
Event: 1.374 Thread 0x00000000010cd800 Exception <a 'java/security/PrivilegedActionException'> (0x00000000eafda2f0) thrown at [D:\re\workspace\8-2-build-windows-amd64-cygwin\jdk8u20\1074\hotspot\src\share\vm\prims\jvm.cpp, line 1275]
Event: 1.393 Thread 0x00000000010cd800 Exception <a 'java/security/PrivilegedActionException'> (0x00000000eafdfd58) thrown at [D:\re\workspace\8-2-build-windows-amd64-cygwin\jdk8u20\1074\hotspot\src\share\vm\prims\jvm.cpp, line 1275]

Events (10 events):
Event: 1.687 Thread 0x000000001752c800 Uncommon trap: trap_request=0xffffffc6 fr.pc=0x0000000003a75d38
Event: 1.687 Thread 0x000000001752c800 DEOPT PACKING pc=0x0000000003a75d38 sp=0x00000000180de7c0
Event: 1.687 Thread 0x000000001752c800 DEOPT UNPACKING pc=0x000000000344556a sp=0x00000000180de6a8 mode 2
Event: 1.691 Thread 0x000000001752c800 Uncommon trap: trap_request=0xffffffc6 fr.pc=0x0000000003a48e68
Event: 1.691 Thread 0x000000001752c800 DEOPT PACKING pc=0x0000000003a48e68 sp=0x00000000180de700
Event: 1.691 Thread 0x000000001752c800 DEOPT UNPACKING pc=0x000000000344556a sp=0x00000000180de6a0 mode 2
Event: 1.769 Thread 0x000000001752c800 DEOPT PACKING pc=0x0000000003a1d5d1 sp=0x00000000180dec90
Event: 1.769 Thread 0x000000001752c800 DEOPT UNPACKING pc=0x00000000034475bf sp=0x00000000180dea88 mode 0
Event: 1.880 Executing VM operation: ParallelGCFailedAllocation
Event: 1.924 Executing VM operation: ParallelGCFailedAllocation done


Dynamic libraries:
0x00007ff7f1de0000 - 0x00007ff7f1e14000 	C:\Program Files\Java\jdk1.8.0_20\bin\java.exe
0x00007ffd0aa60000 - 0x00007ffd0ac0d000 	C:\Windows\SYSTEM32\ntdll.dll
0x00007ffd08760000 - 0x00007ffd0889e000 	C:\Windows\system32\KERNEL32.DLL
0x00007ffd07c60000 - 0x00007ffd07d75000 	C:\Windows\system32\KERNELBASE.dll
0x00007ffd06760000 - 0x00007ffd067ee000 	C:\Windows\system32\apphelp.dll
0x00007ffcfd040000 - 0x00007ffcfd093000 	C:\Windows\AppPatch\AppPatch64\AcGenral.DLL
0x00007ffd0a140000 - 0x00007ffd0a1ea000 	C:\Windows\system32\msvcrt.dll
0x00007ffd08070000 - 0x00007ffd0809e000 	C:\Windows\system32\SspiCli.dll
0x00007ffd0a2b0000 - 0x00007ffd0a304000 	C:\Windows\system32\SHLWAPI.dll
0x00007ffd09fc0000 - 0x00007ffd0a137000 	C:\Windows\system32\USER32.dll
0x00007ffd0a380000 - 0x00007ffd0a514000 	C:\Windows\system32\ole32.dll
0x00007ffd08a90000 - 0x00007ffd09fb9000 	C:\Windows\system32\SHELL32.dll
0x00007ffd07160000 - 0x00007ffd07181000 	C:\Windows\SYSTEM32\USERENV.dll
0x00007ffd083f0000 - 0x00007ffd0849a000 	C:\Windows\system32\ADVAPI32.dll
0x00007ffcf3f80000 - 0x00007ffcf3f9e000 	C:\Windows\SYSTEM32\MPR.dll
0x00007ffd08100000 - 0x00007ffd08240000 	C:\Windows\system32\RPCRT4.dll
0x00007ffd08700000 - 0x00007ffd08759000 	C:\Windows\SYSTEM32\sechost.dll
0x00007ffd0a690000 - 0x00007ffd0a8a1000 	C:\Windows\SYSTEM32\combase.dll
0x00007ffd0a910000 - 0x00007ffd0aa5f000 	C:\Windows\system32\GDI32.dll
0x00007ffd07b90000 - 0x00007ffd07ba5000 	C:\Windows\SYSTEM32\profapi.dll
0x00007ffd06110000 - 0x00007ffd061c2000 	C:\Windows\SYSTEM32\SHCORE.dll
0x00007ffd0a8d0000 - 0x00007ffd0a906000 	C:\Windows\system32\IMM32.DLL
0x00007ffd0a530000 - 0x00007ffd0a682000 	C:\Windows\system32\MSCTF.dll
0x00007ffd05800000 - 0x00007ffd05a7b000 	C:\Windows\WinSxS\amd64_microsoft.windows.common-controls_6595b64144ccf1df_6.0.9600.18006_none_623f33d3ecbe86e8\COMCTL32.dll
0x00000000762c0000 - 0x0000000076392000 	C:\Program Files\Java\jdk1.8.0_20\jre\bin\msvcr100.dll
0x00000000763a0000 - 0x0000000076bf8000 	C:\Program Files\Java\jdk1.8.0_20\jre\bin\server\jvm.dll
0x00007ffcff350000 - 0x00007ffcff359000 	C:\Windows\SYSTEM32\WSOCK32.dll
0x00007ffcff3f0000 - 0x00007ffcff412000 	C:\Windows\SYSTEM32\WINMM.dll
0x00007ffd0a310000 - 0x00007ffd0a317000 	C:\Windows\system32\PSAPI.DLL
0x00007ffd0a320000 - 0x00007ffd0a37a000 	C:\Windows\system32\WS2_32.dll
0x00007ffcff3c0000 - 0x00007ffcff3ea000 	C:\Windows\SYSTEM32\WINMMBASE.dll
0x00007ffd080f0000 - 0x00007ffd080f9000 	C:\Windows\system32\NSI.dll
0x00007ffd080a0000 - 0x00007ffd080ef000 	C:\Windows\SYSTEM32\cfgmgr32.dll
0x00007ffd069b0000 - 0x00007ffd069d8000 	C:\Windows\SYSTEM32\DEVOBJ.dll
0x00000000508c0000 - 0x00000000508cf000 	C:\Program Files\Java\jdk1.8.0_20\jre\bin\verify.dll
0x0000000050010000 - 0x0000000050038000 	C:\Program Files\Java\jdk1.8.0_20\jre\bin\java.dll
0x00000000508a0000 - 0x00000000508b6000 	C:\Program Files\Java\jdk1.8.0_20\jre\bin\zip.dll
0x00007ffcfd8c0000 - 0x00007ffcfda49000 	C:\Windows\SYSTEM32\dbghelp.dll

VM Arguments:
jvm_args: -Djava.awt.headless=true -Xmx1024M -Dfile.encoding=windows-1252 -Duser.country=US -Duser.language=en -Duser.variant 
java_command: com.android.dx.command.Main --dex --force-jumbo --num-threads=4 --multi-dex --output C:\Users\Fahmee\AndroidStudioProjects\MapDemo\app\build\intermediates\transforms\dex\debug\folders\1000\10\com.google.android.gms-play-services-tagmanager-9.2.1_f1178f590d71bf007a2094d4659873e10fabb155 C:\Users\Fahmee\AndroidStudioProjects\MapDemo\app\build\intermediates\exploded-aar\com.google.android.gms\play-services-tagmanager\9.2.1\jars\classes.jar
java_class_path (initial): C:\Users\Fahmee\AppData\Local\Android\sdk\build-tools\24.0.0\lib\dx.jar
Launcher Type: SUN_STANDARD

Environment Variables:
PATH=C:\Program Files (x86)\ActiveState Komodo IDE 10\;C:\ProgramData\Oracle\Java\javapath;C:\watcom-1.3\binnt;C:\watcom-1.3\binw;C:\Program Files (x86)\Common Files\Intel\Shared Libraries\redist\ia32\compiler;C:\Program Files (x86)\Intel\iCLS Client\;C:\Program Files\Intel\iCLS Client\;C:\Program Files (x86)\AMD APP\bin\x86_64;C:\Program Files (x86)\AMD APP\bin\x86;C:\Windows\system32;C:\Windows;C:\Windows\System32\Wbem;C:\Windows\System32\WindowsPowerShell\v1.0\;C:\Program Files (x86)\ATI Technologies\ATI.ACE\Core-Static;C:\Program Files\Intel\Intel(R) Management Engine Components\DAL;C:\Program Files\Intel\Intel(R) Management Engine Components\IPT;C:\Program Files (x86)\Intel\Intel(R) Management Engine Components\DAL;C:\Program Files (x86)\Intel\Intel(R) Management Engine Components\IPT;C:\Program Files\Sony\VAIO Improvement\;C:\Program Files (x86)\Sony\VAIO Startup Setting Tool;C:\Program Files (x86)\Skype\Phone\;C:\Program Files (x86)\Brackets\command;C:\Windows\system32\config\systemprofile\.dnx\bin;C:\Program Files\Microsoft DNX\Dnvm\;C:\Program Files\Microsoft SQL Server\130\Tools\Binn\;C:\Program Files (x86)\Calibre2\;C:\Users\Fahmee\AppData\Local\Programs\Python\Python35-32\Scripts\;C:\Users\Fahmee\AppData\Local\Programs\Python\Python35-32\
USERNAME=Fahmee
OS=Windows_NT
PROCESSOR_IDENTIFIER=Intel64 Family 6 Model 58 Stepping 9, GenuineIntel



---------------  S Y S T E M  ---------------

OS: Windows 8.1 , 64 bit Build 9600 

CPU:total 8 (4 cores per cpu, 2 threads per core) family 6 model 58 stepping 9, cmov, cx8, fxsr, mmx, sse, sse2, sse3, ssse3, sse4.1, sse4.2, popcnt, avx, aes, clmul, erms, ht, tsc, tscinvbit, tscinv

Memory: 4k page, physical 8257924k(507020k free), swap 11403652k(12652k free)

vm_info: Java HotSpot(TM) 64-Bit Server VM (25.20-b23) for windows-amd64 JRE (1.8.0_20-b26), built on Jul 30 2014 13:51:23 by "java_re" with MS VC++ 10.0 (VS2010)

time: Sun Aug 14 20:08:40 2016
elapsed time: 2 seconds (0d 0h 0m 2s)

