JvmtiExport can_access_local_variables 0
JvmtiExport can_hotswap_or_post_breakpoint 0
JvmtiExport can_post_on_exceptions 0
# 273 ciObject found
ciMethod java/lang/Object <init> ()V 4097 1 161622 0 0
ciMethod java/lang/Object getClass ()Ljava/lang/Class; 3105 1 388 0 -1
ciMethod java/lang/Object equals (Ljava/lang/Object;)Z 4097 1 5708 0 -1
ciMethod java/lang/RuntimeException <init> (Ljava/lang/String;)V 0 0 1 0 -1
ciMethod java/lang/StringBuilder <init> ()V 585 1 2499 0 -1
ciMethod java/lang/StringBuilder append (Ljava/lang/String;)Ljava/lang/StringBuilder; 1177 1 5808 0 -1
ciMethod java/lang/StringBuilder append (I)Ljava/lang/StringBuilder; 0 0 8 0 -1
ciMethod java/lang/StringBuilder toString ()Ljava/lang/String; 633 1 2510 0 -1
ciMethod java/util/Collection iterator ()Ljava/util/Iterator; 0 0 1 0 -1
ciMethod java/util/List iterator ()Ljava/util/Iterator; 0 0 1 0 -1
ciMethod java/lang/Math max (II)I 225 1 21535 0 -1
ciMethod java/util/Collections unmodifiableList (Ljava/util/List;)Ljava/util/List; 4097 1 3554 0 -1
ciMethod java/util/Iterator hasNext ()Z 0 0 1 0 -1
ciMethod java/util/Iterator next ()Ljava/lang/Object; 0 0 1 0 -1
ciMethod java/util/ArrayList <init> ()V 169 1 11283 0 -1
ciMethod java/util/ArrayList ensureCapacityInternal (I)V 4873 1 41314 0 0
ciMethod java/util/ArrayList ensureExplicitCapacity (I)V 641 1 38457 0 576
ciMethod java/util/ArrayList grow (I)V 89 1 6056 0 544
ciMethod java/util/ArrayList hugeCapacity (I)I 0 0 1 0 0
ciMethod java/util/ArrayList elementData (I)Ljava/lang/Object; 1977 1 173177 0 -1
ciMethod java/util/ArrayList get (I)Ljava/lang/Object; 1977 1 167190 0 128
ciMethod java/util/ArrayList add (Ljava/lang/Object;)Z 641 1 39147 0 736
ciMethod java/util/ArrayList rangeCheck (I)V 1977 1 173518 0 -1
ciMethod java/util/ArrayList outOfBoundsMsg (I)Ljava/lang/String; 0 0 1 0 -1
ciMethod java/util/ArrayList iterator ()Ljava/util/Iterator; 4097 1 13081 0 192
ciMethod java/util/ArrayList access$100 (Ljava/util/ArrayList;)I 7513 1 939 0 0
ciMethod java/util/Collections$UnmodifiableCollection iterator ()Ljava/util/Iterator; 4097 1 6561 0 0
ciMethod java/util/Arrays copyOf ([Ljava/lang/Object;I)[Ljava/lang/Object; 4129 1 11877 0 0
ciMethod java/util/Arrays copyOf ([Ljava/lang/Object;ILjava/lang/Class;)[Ljava/lang/Object; 4097 1 5767 0 -1
ciMethodData java/lang/Object <init> ()V 2 161674 orig 264 184 126 149 118 0 0 0 0 136 4 176 20 0 0 0 0 32 1 0 0 0 0 0 0 0 0 0 0 0 0 0 0 0 0 0 0 0 0 0 0 0 0 0 0 0 0 0 0 0 0 0 0 0 0 0 0 0 0 0 0 0 0 0 0 0 0 0 0 0 0 0 0 0 0 0 0 0 0 0 0 77 68 79 32 101 120 116 114 97 32 100 97 116 97 32 108 111 99 107 0 0 0 0 0 0 0 0 0 0 0 0 0 0 0 0 0 0 0 0 0 0 0 0 0 0 0 0 0 0 0 0 0 0 0 0 0 0 0 0 0 0 0 0 0 0 0 0 0 0 0 0 0 0 0 0 0 0 0 0 0 0 0 0 0 0 0 0 0 0 0 0 0 0 0 0 0 0 0 0 0 0 0 0 0 1 0 0 0 0 0 0 0 1 0 0 0 0 0 0 0 1 0 0 0 0 0 0 0 0 0 0 0 0 0 0 0 0 2 0 0 81 172 19 0 1 0 0 0 0 0 0 0 0 0 0 0 2 0 0 0 0 0 3 0 3 0 0 0 0 0 0 0 255 255 255 255 0 0 0 0 0 0 0 0 data 0 oops 0
ciMethodData java/util/ArrayList add (Ljava/lang/Object;)Z 2 40584 orig 264 184 126 149 118 0 0 0 0 152 3 190 20 0 0 0 0 144 1 0 0 0 0 0 0 0 0 0 0 0 0 0 0 0 0 0 0 0 0 0 0 0 0 0 0 0 0 0 0 0 0 0 0 0 0 0 0 0 0 0 0 0 0 0 0 0 0 0 0 0 0 0 0 0 0 0 0 0 0 0 0 77 68 79 32 101 120 116 114 97 32 100 97 116 97 32 108 111 99 107 0 0 0 0 0 0 0 0 0 0 0 0 0 0 0 0 0 0 0 0 0 0 0 0 0 0 0 0 0 0 0 0 0 0 0 0 0 0 0 0 0 0 0 0 0 0 0 0 0 0 0 0 0 0 0 0 0 0 0 0 0 0 0 0 0 0 0 0 0 0 0 0 0 0 0 0 0 0 0 0 0 0 0 0 0 17 0 0 0 0 0 0 0 0 0 0 0 0 0 0 0 1 0 0 0 0 0 0 0 0 0 0 0 0 0 0 0 80 0 0 0 193 241 4 0 1 0 0 0 0 0 0 0 0 0 0 0 2 0 0 0 0 0 15 0 4 0 1 0 64 0 0 0 255 255 255 255 2 0 7 0 0 0 0 0 data 8 0x70002 0x9e49 0x1a0004 0x0 0x1852c1f0 0xf8 0x1852c2a0 0x10 oops 2